<?xml version="1.0" encoding="UTF-8"?>
<!-- Generated by org.testng.reporters.JUnitReportReporter -->
<testsuite hostname="DESKTOP-OV6RCV6" failures="0" tests="1" name="test.homeTest" time="21.091" errors="0" timestamp="14 janv. 2023 10:07:44 GMT" skipped="0">
  <testcase classname="test.homeTest" name="startBrowser" time="21.091"/>
</testsuite> <!-- test.homeTest -->
