<?xml version="1.0" encoding="UTF-8"?>
<!-- Generated by org.testng.reporters.JUnitReportReporter -->
<testsuite hostname="DESKTOP-OV6RCV6" failures="0" tests="1" name="test.homeTest" time="24.733" errors="0" timestamp="2023-01-14T11:38:48 GMT+01:00" skipped="0">
  <testcase classname="test.homeTest" name="startBrowser" time="24.733"/>
  <system-out/>
</testsuite> <!-- test.homeTest -->
